Flutter crash report.
Please report a bug at https://github.com/flutter/flutter/issues.

## command

flutter create community_app

## exception

FileSystemException: FileSystemException: Creation failed, path = 'F:\new\community_app\android\app\src\main\res\mipmap-xxxhdpi' (OS Error: The request could not be performed because of an I/O device error.
, errno = 1117)

```
#0      _Directory.createSync (dart:io/directory_impl.dart:133:7)
#1      _File.createSync (dart:io/file_impl.dart:270:14)
#2      ForwardingFile.createSync (package:file/src/forwarding/forwarding_file.dart:23:16)
#3      ErrorHandlingFile.createSync.<anonymous closure> (package:flutter_tools/src/base/error_handling_io.dart:286:22)
#4      _runSync (package:flutter_tools/src/base/error_handling_io.dart:597:14)
#5      ErrorHandlingFile.createSync (package:flutter_tools/src/base/error_handling_io.dart:285:5)
#6      Template.render.<anonymous closure> (package:flutter_tools/src/template.dart:293:28)
#7      _LinkedHashMapMixin.forEach (dart:collection-patch/compact_hash.dart:539:8)
#8      Template.render (package:flutter_tools/src/template.dart:253:24)
#9      CreateBase.renderMerged (package:flutter_tools/src/commands/create_base.dart:436:21)
<asynchronous suspension>
#10     CreateBase.generateApp (package:flutter_tools/src/commands/create_base.dart:447:23)
<asynchronous suspension>
#11     CreateCommand.runCommand (package:flutter_tools/src/commands/create.dart:292:31)
<asynchronous suspension>
#12     FlutterCommand.run.<anonymous closure> (package:flutter_tools/src/runner/flutter_command.dart:1140:27)
<asynchronous suspension>
#13     AppContext.run.<anonymous closure> (package:flutter_tools/src/base/context.dart:150:19)
<asynchronous suspension>
#14     CommandRunner.runCommand (package:args/command_runner.dart:209:13)
<asynchronous suspension>
#15     FlutterCommandRunner.runCommand.<anonymous closure> (package:flutter_tools/src/runner/flutter_command_runner.dart:288:9)
<asynchronous suspension>
#16     AppContext.run.<anonymous closure> (package:flutter_tools/src/base/context.dart:150:19)
<asynchronous suspension>
#17     FlutterCommandRunner.runCommand (package:flutter_tools/src/runner/flutter_command_runner.dart:236:5)
<asynchronous suspension>
#18     run.<anonymous closure>.<anonymous closure> (package:flutter_tools/runner.dart:62:9)
<asynchronous suspension>
#19     AppContext.run.<anonymous closure> (package:flutter_tools/src/base/context.dart:150:19)
<asynchronous suspension>
#20     main (package:flutter_tools/executable.dart:94:3)
<asynchronous suspension>
```

## flutter doctor

```
[✓] Flutter (Channel stable, 2.8.1, on Microsoft Windows [Version 10.0.19042.1348], locale en-US)
    • Flutter version 2.8.1 at C:\flutter
    • Upstream repository https://github.com/flutter/flutter.git
    • Framework revision 77d935af4d (21 hours ago), 2021-12-16 08:37:33 -0800
    • Engine revision 890a5fca2e
    • Dart version 2.15.1

[✓] Android toolchain - develop for Android devices (Android SDK version 31.0.0)
    • Android SDK at C:\Users\keyab\AppData\Local\Android\sdk
    • Platform android-31, build-tools 31.0.0
    • Java binary at: C:\Program Files\Android\Android Studio\jre\bin\java
    • Java version OpenJDK Runtime Environment (build 11.0.10+0-b96-7249189)
    • All Android licenses accepted.

[✓] Chrome - develop for the web
    • Chrome at C:\Program Files\Google\Chrome\Application\chrome.exe

[✓] Android Studio (version 2020.3)
    • Android Studio at C:\Program Files\Android\Android Studio
    • Flutter plugin can be installed from:
      🔨 https://plugins.jetbrains.com/plugin/9212-flutter
    • Dart plugin can be installed from:
      🔨 https://plugins.jetbrains.com/plugin/6351-dart
    • Java version OpenJDK Runtime Environment (build 11.0.10+0-b96-7249189)

[✓] VS Code (version 1.63.1)
    • VS Code at C:\Users\keyab\AppData\Local\Programs\Microsoft VS Code
    • Flutter extension can be installed from:
      🔨 https://marketplace.visualstudio.com/items?itemName=Dart-Code.flutter

[✓] Connected device (2 available)
    • Chrome (web) • chrome • web-javascript • Google Chrome 96.0.4664.45
    • Edge (web)   • edge   • web-javascript • Microsoft Edge 96.0.1054.57

• No issues found!
```
